x-(5298, 2666)	y-(5298,)

--------- GCN_CLF ---------
{
    "lr": 0.01,
    "weight_decay": 0,
    "milestones": [
        10
    ],
    "clip_grad": 0,
    "max_epochs": 1000,
    "early_stop": 30,
    "pass_device": true,
    "model_args": {
        "num_nodes": 5298,
        "adj_path": "../data/adj.npz",
        "input_dim": 2666,
        "output_dim": 11,
        "hidden_dim": 32,
        "node_embedding_dim": 16,
        "cheb_k": 1,
        "num_layers": 1,
        "device": "cuda:0"
    }
}
==========================================================================================
Layer (type:depth-idx)                   Output Shape              Param #
==========================================================================================
GCN_CLF                                  [5298, 11]                169,536
├─Linear: 1-1                            [5298, 32]                85,344
├─ModuleList: 1-2                        --                        --
│    └─DF_GCN: 2-1                       [5298, 32]                5,152
├─Sequential: 1-3                        [5298, 11]                --
│    └─Linear: 2-2                       [5298, 16]                528
│    └─ReLU: 2-3                         [5298, 16]                --
│    └─Linear: 2-4                       [5298, 11]                187
==========================================================================================
Total params: 260,747
Trainable params: 260,747
Non-trainable params: 0
Total mult-adds (M): 455.94
==========================================================================================
Input size (MB): 56.50
Forward/backward pass size (MB): 3.86
Params size (MB): 0.36
Estimated Total Size (MB): 60.72
==========================================================================================

Loss: CrossEntropyLoss

2023-05-19 20:43:40.151382 Epoch 1 	Train Loss = 2.40922 Train acc = 0.14228  Val acc = 0.13000 
2023-05-19 20:43:40.200761 Epoch 2 	Train Loss = 2.38060 Train acc = 0.14228  Val acc = 0.13000 
2023-05-19 20:43:40.249914 Epoch 3 	Train Loss = 2.33190 Train acc = 0.14228  Val acc = 0.17600 
2023-05-19 20:43:40.299025 Epoch 4 	Train Loss = 2.26979 Train acc = 0.16619  Val acc = 0.17600 
2023-05-19 20:43:40.347813 Epoch 5 	Train Loss = 2.22623 Train acc = 0.16590  Val acc = 0.21200 
2023-05-19 20:43:40.395223 Epoch 6 	Train Loss = 2.14342 Train acc = 0.20449  Val acc = 0.16400 
2023-05-19 20:43:40.442592 Epoch 7 	Train Loss = 2.06877 Train acc = 0.17540  Val acc = 0.18000 
2023-05-19 20:43:40.489837 Epoch 8 	Train Loss = 1.98947 Train acc = 0.25518  Val acc = 0.27800 
2023-05-19 20:43:40.537228 Epoch 9 	Train Loss = 1.90607 Train acc = 0.27823  Val acc = 0.29200 
2023-05-19 20:43:40.584638 Epoch 10 	Train Loss = 1.81816 Train acc = 0.31999  Val acc = 0.33000 
2023-05-19 20:43:40.631167 Epoch 11 	Train Loss = 1.72166 Train acc = 0.47725  Val acc = 0.33800 
2023-05-19 20:43:40.678529 Epoch 12 	Train Loss = 1.71032 Train acc = 0.48560  Val acc = 0.34400 
2023-05-19 20:43:40.725836 Epoch 13 	Train Loss = 1.69724 Train acc = 0.49078  Val acc = 0.34800 
2023-05-19 20:43:40.773258 Epoch 14 	Train Loss = 1.68318 Train acc = 0.49626  Val acc = 0.34200 
2023-05-19 20:43:40.820732 Epoch 15 	Train Loss = 1.66874 Train acc = 0.50403  Val acc = 0.34600 
2023-05-19 20:43:40.868094 Epoch 16 	Train Loss = 1.65428 Train acc = 0.50749  Val acc = 0.34600 
2023-05-19 20:43:40.916213 Epoch 17 	Train Loss = 1.63989 Train acc = 0.51325  Val acc = 0.34800 
2023-05-19 20:43:40.965229 Epoch 18 	Train Loss = 1.62536 Train acc = 0.51815  Val acc = 0.34600 
2023-05-19 20:43:41.012664 Epoch 19 	Train Loss = 1.61062 Train acc = 0.52391  Val acc = 0.35800 
2023-05-19 20:43:41.060092 Epoch 20 	Train Loss = 1.59564 Train acc = 0.53571  Val acc = 0.37200 
2023-05-19 20:43:41.107615 Epoch 21 	Train Loss = 1.58047 Train acc = 0.54522  Val acc = 0.37400 
2023-05-19 20:43:41.155122 Epoch 22 	Train Loss = 1.56515 Train acc = 0.55789  Val acc = 0.38200 
2023-05-19 20:43:41.202632 Epoch 23 	Train Loss = 1.54976 Train acc = 0.57200  Val acc = 0.39400 
2023-05-19 20:43:41.249775 Epoch 24 	Train Loss = 1.53435 Train acc = 0.58612  Val acc = 0.39600 
2023-05-19 20:43:41.297119 Epoch 25 	Train Loss = 1.51884 Train acc = 0.59850  Val acc = 0.40600 
2023-05-19 20:43:41.344512 Epoch 26 	Train Loss = 1.50320 Train acc = 0.61031  Val acc = 0.40800 
2023-05-19 20:43:41.392236 Epoch 27 	Train Loss = 1.48741 Train acc = 0.61895  Val acc = 0.41200 
2023-05-19 20:43:41.439521 Epoch 28 	Train Loss = 1.47146 Train acc = 0.62759  Val acc = 0.41400 
2023-05-19 20:43:41.487108 Epoch 29 	Train Loss = 1.45540 Train acc = 0.63162  Val acc = 0.41200 
2023-05-19 20:43:41.534625 Epoch 30 	Train Loss = 1.43923 Train acc = 0.63911  Val acc = 0.41000 
2023-05-19 20:43:41.581964 Epoch 31 	Train Loss = 1.42300 Train acc = 0.64487  Val acc = 0.40800 
2023-05-19 20:43:41.629261 Epoch 32 	Train Loss = 1.40670 Train acc = 0.64891  Val acc = 0.41000 
2023-05-19 20:43:41.676127 Epoch 33 	Train Loss = 1.39032 Train acc = 0.65899  Val acc = 0.41000 
2023-05-19 20:43:41.723801 Epoch 34 	Train Loss = 1.37387 Train acc = 0.66417  Val acc = 0.40800 
2023-05-19 20:43:41.771056 Epoch 35 	Train Loss = 1.35739 Train acc = 0.67108  Val acc = 0.42000 
2023-05-19 20:43:41.818690 Epoch 36 	Train Loss = 1.34091 Train acc = 0.67800  Val acc = 0.42400 
2023-05-19 20:43:41.866259 Epoch 37 	Train Loss = 1.32445 Train acc = 0.68318  Val acc = 0.43200 
2023-05-19 20:43:41.914111 Epoch 38 	Train Loss = 1.30799 Train acc = 0.69009  Val acc = 0.42800 
2023-05-19 20:43:41.961885 Epoch 39 	Train Loss = 1.29153 Train acc = 0.69585  Val acc = 0.42800 
2023-05-19 20:43:42.009166 Epoch 40 	Train Loss = 1.27506 Train acc = 0.70046  Val acc = 0.42800 
2023-05-19 20:43:42.057031 Epoch 41 	Train Loss = 1.25859 Train acc = 0.70565  Val acc = 0.42600 
2023-05-19 20:43:42.104537 Epoch 42 	Train Loss = 1.24213 Train acc = 0.70795  Val acc = 0.43400 
2023-05-19 20:43:42.152245 Epoch 43 	Train Loss = 1.22569 Train acc = 0.71371  Val acc = 0.43600 
2023-05-19 20:43:42.199797 Epoch 44 	Train Loss = 1.20929 Train acc = 0.71889  Val acc = 0.44800 
2023-05-19 20:43:42.247590 Epoch 45 	Train Loss = 1.19293 Train acc = 0.72379  Val acc = 0.45800 
2023-05-19 20:43:42.295026 Epoch 46 	Train Loss = 1.17663 Train acc = 0.73013  Val acc = 0.46000 
2023-05-19 20:43:42.342691 Epoch 47 	Train Loss = 1.16039 Train acc = 0.73157  Val acc = 0.46600 
2023-05-19 20:43:42.390292 Epoch 48 	Train Loss = 1.14422 Train acc = 0.73502  Val acc = 0.47400 
2023-05-19 20:43:42.438655 Epoch 49 	Train Loss = 1.12809 Train acc = 0.74107  Val acc = 0.47600 
2023-05-19 20:43:42.486390 Epoch 50 	Train Loss = 1.11204 Train acc = 0.74424  Val acc = 0.47800 
2023-05-19 20:43:42.533986 Epoch 51 	Train Loss = 1.09605 Train acc = 0.74856  Val acc = 0.48600 
2023-05-19 20:43:42.581664 Epoch 52 	Train Loss = 1.08014 Train acc = 0.75173  Val acc = 0.48800 
2023-05-19 20:43:42.629440 Epoch 53 	Train Loss = 1.06431 Train acc = 0.75518  Val acc = 0.49200 
2023-05-19 20:43:42.677181 Epoch 54 	Train Loss = 1.04855 Train acc = 0.75662  Val acc = 0.49400 
2023-05-19 20:43:42.724746 Epoch 55 	Train Loss = 1.03289 Train acc = 0.75922  Val acc = 0.49400 
2023-05-19 20:43:42.772333 Epoch 56 	Train Loss = 1.01730 Train acc = 0.76296  Val acc = 0.49600 
2023-05-19 20:43:42.819878 Epoch 57 	Train Loss = 1.00178 Train acc = 0.76757  Val acc = 0.49800 
2023-05-19 20:43:42.867386 Epoch 58 	Train Loss = 0.98635 Train acc = 0.77131  Val acc = 0.50600 
2023-05-19 20:43:42.915062 Epoch 59 	Train Loss = 0.97097 Train acc = 0.77419  Val acc = 0.50800 
2023-05-19 20:43:42.962837 Epoch 60 	Train Loss = 0.95568 Train acc = 0.77679  Val acc = 0.51000 
2023-05-19 20:43:43.010715 Epoch 61 	Train Loss = 0.94050 Train acc = 0.77995  Val acc = 0.51000 
2023-05-19 20:43:43.058516 Epoch 62 	Train Loss = 0.92544 Train acc = 0.78399  Val acc = 0.51200 
2023-05-19 20:43:43.106300 Epoch 63 	Train Loss = 0.91054 Train acc = 0.78687  Val acc = 0.51400 
2023-05-19 20:43:43.153812 Epoch 64 	Train Loss = 0.89581 Train acc = 0.79234  Val acc = 0.51400 
2023-05-19 20:43:43.201124 Epoch 65 	Train Loss = 0.88122 Train acc = 0.79407  Val acc = 0.51200 
2023-05-19 20:43:43.248410 Epoch 66 	Train Loss = 0.86674 Train acc = 0.79896  Val acc = 0.51400 
2023-05-19 20:43:43.295678 Epoch 67 	Train Loss = 0.85236 Train acc = 0.80156  Val acc = 0.51600 
2023-05-19 20:43:43.343030 Epoch 68 	Train Loss = 0.83811 Train acc = 0.80559  Val acc = 0.52000 
2023-05-19 20:43:43.390944 Epoch 69 	Train Loss = 0.82399 Train acc = 0.80818  Val acc = 0.51800 
2023-05-19 20:43:43.439123 Epoch 70 	Train Loss = 0.81001 Train acc = 0.80933  Val acc = 0.52000 
2023-05-19 20:43:43.486753 Epoch 71 	Train Loss = 0.79617 Train acc = 0.81250  Val acc = 0.52200 
2023-05-19 20:43:43.533830 Epoch 72 	Train Loss = 0.78247 Train acc = 0.81768  Val acc = 0.52200 
2023-05-19 20:43:43.581237 Epoch 73 	Train Loss = 0.76893 Train acc = 0.81855  Val acc = 0.52600 
2023-05-19 20:43:43.628810 Epoch 74 	Train Loss = 0.75552 Train acc = 0.82258  Val acc = 0.53000 
2023-05-19 20:43:43.676605 Epoch 75 	Train Loss = 0.74225 Train acc = 0.82546  Val acc = 0.53200 
2023-05-19 20:43:43.724572 Epoch 76 	Train Loss = 0.72912 Train acc = 0.82863  Val acc = 0.53400 
2023-05-19 20:43:43.772215 Epoch 77 	Train Loss = 0.71612 Train acc = 0.83007  Val acc = 0.53000 
2023-05-19 20:43:43.820368 Epoch 78 	Train Loss = 0.70325 Train acc = 0.83237  Val acc = 0.53000 
2023-05-19 20:43:43.868122 Epoch 79 	Train Loss = 0.69049 Train acc = 0.83641  Val acc = 0.52600 
2023-05-19 20:43:43.915673 Epoch 80 	Train Loss = 0.67785 Train acc = 0.83900  Val acc = 0.52800 
2023-05-19 20:43:43.963161 Epoch 81 	Train Loss = 0.66534 Train acc = 0.84188  Val acc = 0.52800 
2023-05-19 20:43:44.010482 Epoch 82 	Train Loss = 0.65294 Train acc = 0.84332  Val acc = 0.52800 
2023-05-19 20:43:44.058057 Epoch 83 	Train Loss = 0.64065 Train acc = 0.84533  Val acc = 0.52200 
2023-05-19 20:43:44.105736 Epoch 84 	Train Loss = 0.62844 Train acc = 0.84879  Val acc = 0.52200 
2023-05-19 20:43:44.153690 Epoch 85 	Train Loss = 0.61629 Train acc = 0.85023  Val acc = 0.52000 
2023-05-19 20:43:44.201618 Epoch 86 	Train Loss = 0.60419 Train acc = 0.85225  Val acc = 0.52200 
2023-05-19 20:43:44.249598 Epoch 87 	Train Loss = 0.59211 Train acc = 0.85599  Val acc = 0.52200 
2023-05-19 20:43:44.297425 Epoch 88 	Train Loss = 0.58005 Train acc = 0.85887  Val acc = 0.52200 
2023-05-19 20:43:44.345094 Epoch 89 	Train Loss = 0.56805 Train acc = 0.86060  Val acc = 0.52400 
2023-05-19 20:43:44.392597 Epoch 90 	Train Loss = 0.55611 Train acc = 0.86434  Val acc = 0.52600 
2023-05-19 20:43:44.439936 Epoch 91 	Train Loss = 0.54421 Train acc = 0.86636  Val acc = 0.52600 
2023-05-19 20:43:44.487247 Epoch 92 	Train Loss = 0.53231 Train acc = 0.86953  Val acc = 0.52800 
2023-05-19 20:43:44.534506 Epoch 93 	Train Loss = 0.52039 Train acc = 0.87126  Val acc = 0.52400 
2023-05-19 20:43:44.581776 Epoch 94 	Train Loss = 0.50851 Train acc = 0.87298  Val acc = 0.52400 
2023-05-19 20:43:44.632969 Epoch 95 	Train Loss = 0.49668 Train acc = 0.87558  Val acc = 0.52400 
2023-05-19 20:43:44.680590 Epoch 96 	Train Loss = 0.48496 Train acc = 0.87759  Val acc = 0.52000 
2023-05-19 20:43:44.728115 Epoch 97 	Train Loss = 0.47340 Train acc = 0.87903  Val acc = 0.52200 
2023-05-19 20:43:44.775819 Epoch 98 	Train Loss = 0.46204 Train acc = 0.88076  Val acc = 0.52400 
2023-05-19 20:43:44.825420 Epoch 99 	Train Loss = 0.45090 Train acc = 0.88508  Val acc = 0.52400 
2023-05-19 20:43:44.872827 Epoch 100 	Train Loss = 0.44002 Train acc = 0.88738  Val acc = 0.52800 
2023-05-19 20:43:44.919650 Epoch 101 	Train Loss = 0.42940 Train acc = 0.89142  Val acc = 0.52400 
2023-05-19 20:43:44.966530 Epoch 102 	Train Loss = 0.41903 Train acc = 0.89574  Val acc = 0.52400 
2023-05-19 20:43:45.013859 Epoch 103 	Train Loss = 0.40891 Train acc = 0.89948  Val acc = 0.52600 
2023-05-19 20:43:45.061179 Epoch 104 	Train Loss = 0.39900 Train acc = 0.90323  Val acc = 0.52400 
2023-05-19 20:43:45.108383 Epoch 105 	Train Loss = 0.38932 Train acc = 0.90524  Val acc = 0.52600 
2023-05-19 20:43:45.155904 Epoch 106 	Train Loss = 0.37985 Train acc = 0.90783  Val acc = 0.52400 
Early stopping at epoch: 106
Best at epoch 76:
Train Loss = 0.72912
Train acc = 0.82863 Val acc = 0.53400 
--------- Test ---------
Test acc = 0.52157
Inference time: 0.01 s
