x-(5298, 2666)	y-(5298,)

--------- MLP ---------
{
    "lr": 0.001,
    "weight_decay": 0,
    "milestones": [
        100
    ],
    "clip_grad": 0,
    "max_epochs": 200,
    "early_stop": 9999,
    "model_args": {
        "num_nodes": 5298,
        "input_dim": 2666,
        "output_dim": 11,
        "hidden_dim": 32
    }
}
==========================================================================================
Layer (type:depth-idx)                   Output Shape              Param #
==========================================================================================
MLP                                      [5298, 11]                --
├─Sequential: 1-1                        [5298, 11]                --
│    └─Linear: 2-1                       [5298, 32]                85,344
│    └─ReLU: 2-2                         [5298, 32]                --
│    └─Linear: 2-3                       [5298, 11]                363
==========================================================================================
Total params: 85,707
Trainable params: 85,707
Non-trainable params: 0
Total mult-adds (M): 454.08
==========================================================================================
Input size (MB): 56.50
Forward/backward pass size (MB): 1.82
Params size (MB): 0.34
Estimated Total Size (MB): 58.66
==========================================================================================

Loss: CrossEntropyLoss

2023-05-20 11:56:35.441981 Epoch 1 	Train Loss = 2.39467 Train acc = 0.16763  Val acc = 0.14800 
2023-05-20 11:56:35.445455 Epoch 2 	Train Loss = 2.38985 Train acc = 0.16964  Val acc = 0.14600 
2023-05-20 11:56:35.448749 Epoch 3 	Train Loss = 2.38501 Train acc = 0.17051  Val acc = 0.14600 
2023-05-20 11:56:35.452090 Epoch 4 	Train Loss = 2.38009 Train acc = 0.17051  Val acc = 0.14200 
2023-05-20 11:56:35.455403 Epoch 5 	Train Loss = 2.37504 Train acc = 0.17224  Val acc = 0.14400 
2023-05-20 11:56:35.458819 Epoch 6 	Train Loss = 2.36984 Train acc = 0.17252  Val acc = 0.14400 
2023-05-20 11:56:35.462202 Epoch 7 	Train Loss = 2.36444 Train acc = 0.17368  Val acc = 0.14400 
2023-05-20 11:56:35.465502 Epoch 8 	Train Loss = 2.35881 Train acc = 0.17483  Val acc = 0.14400 
2023-05-20 11:56:35.468924 Epoch 9 	Train Loss = 2.35291 Train acc = 0.17713  Val acc = 0.14400 
2023-05-20 11:56:35.472511 Epoch 10 	Train Loss = 2.34673 Train acc = 0.17972  Val acc = 0.14400 
2023-05-20 11:56:35.475998 Epoch 11 	Train Loss = 2.34028 Train acc = 0.18203  Val acc = 0.14600 
2023-05-20 11:56:35.479551 Epoch 12 	Train Loss = 2.33355 Train acc = 0.18491  Val acc = 0.14800 
2023-05-20 11:56:35.483137 Epoch 13 	Train Loss = 2.32655 Train acc = 0.18808  Val acc = 0.15000 
2023-05-20 11:56:35.486793 Epoch 14 	Train Loss = 2.31927 Train acc = 0.19038  Val acc = 0.15200 
2023-05-20 11:56:35.490403 Epoch 15 	Train Loss = 2.31173 Train acc = 0.19441  Val acc = 0.15600 
2023-05-20 11:56:35.493969 Epoch 16 	Train Loss = 2.30395 Train acc = 0.19844  Val acc = 0.15800 
2023-05-20 11:56:35.498005 Epoch 17 	Train Loss = 2.29591 Train acc = 0.19931  Val acc = 0.16000 
2023-05-20 11:56:35.501901 Epoch 18 	Train Loss = 2.28763 Train acc = 0.20132  Val acc = 0.16000 
2023-05-20 11:56:35.505767 Epoch 19 	Train Loss = 2.27912 Train acc = 0.20478  Val acc = 0.16800 
2023-05-20 11:56:35.509793 Epoch 20 	Train Loss = 2.27037 Train acc = 0.20737  Val acc = 0.17000 
2023-05-20 11:56:35.513558 Epoch 21 	Train Loss = 2.26140 Train acc = 0.20968  Val acc = 0.17200 
2023-05-20 11:56:35.517668 Epoch 22 	Train Loss = 2.25220 Train acc = 0.21025  Val acc = 0.17600 
2023-05-20 11:56:35.521522 Epoch 23 	Train Loss = 2.24279 Train acc = 0.21371  Val acc = 0.18000 
2023-05-20 11:56:35.525574 Epoch 24 	Train Loss = 2.23318 Train acc = 0.21601  Val acc = 0.18200 
2023-05-20 11:56:35.529407 Epoch 25 	Train Loss = 2.22338 Train acc = 0.21774  Val acc = 0.18000 
2023-05-20 11:56:35.533562 Epoch 26 	Train Loss = 2.21341 Train acc = 0.22120  Val acc = 0.18200 
2023-05-20 11:56:35.537983 Epoch 27 	Train Loss = 2.20326 Train acc = 0.22321  Val acc = 0.18400 
2023-05-20 11:56:35.542128 Epoch 28 	Train Loss = 2.19296 Train acc = 0.22523  Val acc = 0.18400 
2023-05-20 11:56:35.546379 Epoch 29 	Train Loss = 2.18249 Train acc = 0.22811  Val acc = 0.18400 
2023-05-20 11:56:35.549897 Epoch 30 	Train Loss = 2.17189 Train acc = 0.23128  Val acc = 0.18400 
2023-05-20 11:56:35.553397 Epoch 31 	Train Loss = 2.16115 Train acc = 0.23531  Val acc = 0.18400 
2023-05-20 11:56:35.556900 Epoch 32 	Train Loss = 2.15028 Train acc = 0.23762  Val acc = 0.18200 
2023-05-20 11:56:35.560535 Epoch 33 	Train Loss = 2.13929 Train acc = 0.24309  Val acc = 0.18400 
2023-05-20 11:56:35.564279 Epoch 34 	Train Loss = 2.12820 Train acc = 0.24626  Val acc = 0.18800 
2023-05-20 11:56:35.567895 Epoch 35 	Train Loss = 2.11701 Train acc = 0.25029  Val acc = 0.19200 
2023-05-20 11:56:35.571937 Epoch 36 	Train Loss = 2.10575 Train acc = 0.25259  Val acc = 0.19800 
2023-05-20 11:56:35.576252 Epoch 37 	Train Loss = 2.09441 Train acc = 0.25576  Val acc = 0.20200 
2023-05-20 11:56:35.580654 Epoch 38 	Train Loss = 2.08303 Train acc = 0.25806  Val acc = 0.20200 
2023-05-20 11:56:35.585043 Epoch 39 	Train Loss = 2.07160 Train acc = 0.26296  Val acc = 0.20200 
2023-05-20 11:56:35.589190 Epoch 40 	Train Loss = 2.06014 Train acc = 0.26671  Val acc = 0.20400 
2023-05-20 11:56:35.593159 Epoch 41 	Train Loss = 2.04866 Train acc = 0.26930  Val acc = 0.20600 
2023-05-20 11:56:35.597035 Epoch 42 	Train Loss = 2.03718 Train acc = 0.27218  Val acc = 0.20800 
2023-05-20 11:56:35.600315 Epoch 43 	Train Loss = 2.02570 Train acc = 0.27679  Val acc = 0.21000 
2023-05-20 11:56:35.603583 Epoch 44 	Train Loss = 2.01423 Train acc = 0.28312  Val acc = 0.21200 
2023-05-20 11:56:35.606936 Epoch 45 	Train Loss = 2.00278 Train acc = 0.28888  Val acc = 0.21400 
2023-05-20 11:56:35.610165 Epoch 46 	Train Loss = 1.99136 Train acc = 0.29435  Val acc = 0.22000 
2023-05-20 11:56:35.613345 Epoch 47 	Train Loss = 1.97997 Train acc = 0.30530  Val acc = 0.22200 
2023-05-20 11:56:35.616529 Epoch 48 	Train Loss = 1.96862 Train acc = 0.31567  Val acc = 0.22400 
2023-05-20 11:56:35.619713 Epoch 49 	Train Loss = 1.95732 Train acc = 0.32690  Val acc = 0.22600 
2023-05-20 11:56:35.622803 Epoch 50 	Train Loss = 1.94607 Train acc = 0.34073  Val acc = 0.23000 
2023-05-20 11:56:35.625889 Epoch 51 	Train Loss = 1.93488 Train acc = 0.35109  Val acc = 0.23200 
2023-05-20 11:56:35.629085 Epoch 52 	Train Loss = 1.92375 Train acc = 0.36924  Val acc = 0.23400 
2023-05-20 11:56:35.632375 Epoch 53 	Train Loss = 1.91269 Train acc = 0.38220  Val acc = 0.24200 
2023-05-20 11:56:35.635697 Epoch 54 	Train Loss = 1.90170 Train acc = 0.39631  Val acc = 0.24000 
2023-05-20 11:56:35.638933 Epoch 55 	Train Loss = 1.89078 Train acc = 0.41100  Val acc = 0.24000 
2023-05-20 11:56:35.642024 Epoch 56 	Train Loss = 1.87994 Train acc = 0.43318  Val acc = 0.25000 
2023-05-20 11:56:35.645201 Epoch 57 	Train Loss = 1.86917 Train acc = 0.44672  Val acc = 0.26400 
2023-05-20 11:56:35.648363 Epoch 58 	Train Loss = 1.85847 Train acc = 0.46371  Val acc = 0.26600 
2023-05-20 11:56:35.651542 Epoch 59 	Train Loss = 1.84786 Train acc = 0.47811  Val acc = 0.26400 
2023-05-20 11:56:35.654679 Epoch 60 	Train Loss = 1.83732 Train acc = 0.49194  Val acc = 0.27200 
2023-05-20 11:56:35.657854 Epoch 61 	Train Loss = 1.82686 Train acc = 0.50317  Val acc = 0.27400 
2023-05-20 11:56:35.660983 Epoch 62 	Train Loss = 1.81649 Train acc = 0.51469  Val acc = 0.28000 
2023-05-20 11:56:35.664176 Epoch 63 	Train Loss = 1.80620 Train acc = 0.52621  Val acc = 0.28200 
2023-05-20 11:56:35.667387 Epoch 64 	Train Loss = 1.79599 Train acc = 0.53168  Val acc = 0.27800 
2023-05-20 11:56:35.670742 Epoch 65 	Train Loss = 1.78587 Train acc = 0.53975  Val acc = 0.27600 
2023-05-20 11:56:35.674899 Epoch 66 	Train Loss = 1.77583 Train acc = 0.55069  Val acc = 0.27800 
2023-05-20 11:56:35.679043 Epoch 67 	Train Loss = 1.76587 Train acc = 0.55645  Val acc = 0.28600 
2023-05-20 11:56:35.683096 Epoch 68 	Train Loss = 1.75599 Train acc = 0.56423  Val acc = 0.29400 
2023-05-20 11:56:35.687908 Epoch 69 	Train Loss = 1.74620 Train acc = 0.57028  Val acc = 0.29400 
2023-05-20 11:56:35.692606 Epoch 70 	Train Loss = 1.73649 Train acc = 0.57229  Val acc = 0.30200 
2023-05-20 11:56:35.696847 Epoch 71 	Train Loss = 1.72685 Train acc = 0.57805  Val acc = 0.30200 
2023-05-20 11:56:35.701028 Epoch 72 	Train Loss = 1.71729 Train acc = 0.58381  Val acc = 0.31000 
2023-05-20 11:56:35.705276 Epoch 73 	Train Loss = 1.70780 Train acc = 0.58756  Val acc = 0.30800 
2023-05-20 11:56:35.709387 Epoch 74 	Train Loss = 1.69838 Train acc = 0.59389  Val acc = 0.31200 
2023-05-20 11:56:35.713451 Epoch 75 	Train Loss = 1.68903 Train acc = 0.59965  Val acc = 0.31400 
2023-05-20 11:56:35.717418 Epoch 76 	Train Loss = 1.67975 Train acc = 0.60196  Val acc = 0.31400 
2023-05-20 11:56:35.721374 Epoch 77 	Train Loss = 1.67052 Train acc = 0.61060  Val acc = 0.32000 
2023-05-20 11:56:35.725375 Epoch 78 	Train Loss = 1.66136 Train acc = 0.61434  Val acc = 0.32000 
2023-05-20 11:56:35.729319 Epoch 79 	Train Loss = 1.65226 Train acc = 0.61924  Val acc = 0.32000 
2023-05-20 11:56:35.733264 Epoch 80 	Train Loss = 1.64320 Train acc = 0.62356  Val acc = 0.32200 
2023-05-20 11:56:35.737336 Epoch 81 	Train Loss = 1.63420 Train acc = 0.62702  Val acc = 0.32400 
2023-05-20 11:56:35.741339 Epoch 82 	Train Loss = 1.62525 Train acc = 0.63105  Val acc = 0.32400 
2023-05-20 11:56:35.745384 Epoch 83 	Train Loss = 1.61635 Train acc = 0.63422  Val acc = 0.32200 
2023-05-20 11:56:35.749371 Epoch 84 	Train Loss = 1.60748 Train acc = 0.63911  Val acc = 0.32400 
2023-05-20 11:56:35.753345 Epoch 85 	Train Loss = 1.59867 Train acc = 0.64171  Val acc = 0.33200 
2023-05-20 11:56:35.757359 Epoch 86 	Train Loss = 1.58989 Train acc = 0.64574  Val acc = 0.33400 
2023-05-20 11:56:35.761380 Epoch 87 	Train Loss = 1.58115 Train acc = 0.64804  Val acc = 0.33400 
2023-05-20 11:56:35.765364 Epoch 88 	Train Loss = 1.57246 Train acc = 0.65092  Val acc = 0.33600 
2023-05-20 11:56:35.769401 Epoch 89 	Train Loss = 1.56381 Train acc = 0.65323  Val acc = 0.34200 
2023-05-20 11:56:35.773389 Epoch 90 	Train Loss = 1.55519 Train acc = 0.65668  Val acc = 0.34200 
2023-05-20 11:56:35.777350 Epoch 91 	Train Loss = 1.54661 Train acc = 0.66215  Val acc = 0.34400 
2023-05-20 11:56:35.781406 Epoch 92 	Train Loss = 1.53807 Train acc = 0.66446  Val acc = 0.34400 
2023-05-20 11:56:35.785472 Epoch 93 	Train Loss = 1.52958 Train acc = 0.66705  Val acc = 0.34400 
2023-05-20 11:56:35.789235 Epoch 94 	Train Loss = 1.52112 Train acc = 0.66964  Val acc = 0.34000 
2023-05-20 11:56:35.792899 Epoch 95 	Train Loss = 1.51270 Train acc = 0.67339  Val acc = 0.34200 
2023-05-20 11:56:35.796518 Epoch 96 	Train Loss = 1.50432 Train acc = 0.67483  Val acc = 0.34000 
2023-05-20 11:56:35.800160 Epoch 97 	Train Loss = 1.49598 Train acc = 0.67540  Val acc = 0.34000 
2023-05-20 11:56:35.803817 Epoch 98 	Train Loss = 1.48769 Train acc = 0.67684  Val acc = 0.34400 
2023-05-20 11:56:35.807390 Epoch 99 	Train Loss = 1.47944 Train acc = 0.68001  Val acc = 0.34200 
2023-05-20 11:56:35.810998 Epoch 100 	Train Loss = 1.47123 Train acc = 0.68174  Val acc = 0.34600 
2023-05-20 11:56:35.814698 Epoch 101 	Train Loss = 1.46306 Train acc = 0.68289  Val acc = 0.34600 
2023-05-20 11:56:35.818334 Epoch 102 	Train Loss = 1.46225 Train acc = 0.68376  Val acc = 0.34600 
2023-05-20 11:56:35.821972 Epoch 103 	Train Loss = 1.46144 Train acc = 0.68404  Val acc = 0.34600 
2023-05-20 11:56:35.825546 Epoch 104 	Train Loss = 1.46063 Train acc = 0.68433  Val acc = 0.34600 
2023-05-20 11:56:35.829125 Epoch 105 	Train Loss = 1.45982 Train acc = 0.68433  Val acc = 0.34800 
2023-05-20 11:56:35.833078 Epoch 106 	Train Loss = 1.45902 Train acc = 0.68462  Val acc = 0.34800 
2023-05-20 11:56:35.836750 Epoch 107 	Train Loss = 1.45822 Train acc = 0.68491  Val acc = 0.34800 
2023-05-20 11:56:35.840420 Epoch 108 	Train Loss = 1.45742 Train acc = 0.68548  Val acc = 0.34800 
2023-05-20 11:56:35.844014 Epoch 109 	Train Loss = 1.45663 Train acc = 0.68548  Val acc = 0.34800 
2023-05-20 11:56:35.847761 Epoch 110 	Train Loss = 1.45584 Train acc = 0.68577  Val acc = 0.34800 
2023-05-20 11:56:35.851422 Epoch 111 	Train Loss = 1.45505 Train acc = 0.68606  Val acc = 0.34800 
2023-05-20 11:56:35.855171 Epoch 112 	Train Loss = 1.45426 Train acc = 0.68606  Val acc = 0.34800 
2023-05-20 11:56:35.858945 Epoch 113 	Train Loss = 1.45347 Train acc = 0.68635  Val acc = 0.34800 
2023-05-20 11:56:35.862623 Epoch 114 	Train Loss = 1.45269 Train acc = 0.68635  Val acc = 0.35000 
2023-05-20 11:56:35.866237 Epoch 115 	Train Loss = 1.45191 Train acc = 0.68664  Val acc = 0.35000 
2023-05-20 11:56:35.869807 Epoch 116 	Train Loss = 1.45113 Train acc = 0.68664  Val acc = 0.35000 
2023-05-20 11:56:35.873351 Epoch 117 	Train Loss = 1.45036 Train acc = 0.68779  Val acc = 0.35000 
2023-05-20 11:56:35.876957 Epoch 118 	Train Loss = 1.44958 Train acc = 0.68779  Val acc = 0.35000 
2023-05-20 11:56:35.880542 Epoch 119 	Train Loss = 1.44881 Train acc = 0.68779  Val acc = 0.35000 
2023-05-20 11:56:35.884112 Epoch 120 	Train Loss = 1.44804 Train acc = 0.68836  Val acc = 0.34800 
2023-05-20 11:56:35.887679 Epoch 121 	Train Loss = 1.44727 Train acc = 0.68923  Val acc = 0.34800 
2023-05-20 11:56:35.891262 Epoch 122 	Train Loss = 1.44650 Train acc = 0.68952  Val acc = 0.34800 
2023-05-20 11:56:35.894838 Epoch 123 	Train Loss = 1.44574 Train acc = 0.68952  Val acc = 0.35000 
2023-05-20 11:56:35.898443 Epoch 124 	Train Loss = 1.44497 Train acc = 0.68952  Val acc = 0.35000 
2023-05-20 11:56:35.902008 Epoch 125 	Train Loss = 1.44421 Train acc = 0.68952  Val acc = 0.34800 
2023-05-20 11:56:35.905682 Epoch 126 	Train Loss = 1.44345 Train acc = 0.69009  Val acc = 0.34800 
2023-05-20 11:56:35.909365 Epoch 127 	Train Loss = 1.44269 Train acc = 0.69096  Val acc = 0.34800 
2023-05-20 11:56:35.912984 Epoch 128 	Train Loss = 1.44193 Train acc = 0.69067  Val acc = 0.34800 
2023-05-20 11:56:35.916519 Epoch 129 	Train Loss = 1.44118 Train acc = 0.69096  Val acc = 0.34800 
2023-05-20 11:56:35.920138 Epoch 130 	Train Loss = 1.44043 Train acc = 0.69124  Val acc = 0.34800 
2023-05-20 11:56:35.923741 Epoch 131 	Train Loss = 1.43967 Train acc = 0.69124  Val acc = 0.34800 
2023-05-20 11:56:35.927331 Epoch 132 	Train Loss = 1.43892 Train acc = 0.69096  Val acc = 0.34800 
2023-05-20 11:56:35.930923 Epoch 133 	Train Loss = 1.43817 Train acc = 0.69096  Val acc = 0.34800 
2023-05-20 11:56:35.934768 Epoch 134 	Train Loss = 1.43742 Train acc = 0.69096  Val acc = 0.34800 
2023-05-20 11:56:35.938397 Epoch 135 	Train Loss = 1.43668 Train acc = 0.69124  Val acc = 0.34600 
2023-05-20 11:56:35.941973 Epoch 136 	Train Loss = 1.43593 Train acc = 0.69182  Val acc = 0.34600 
2023-05-20 11:56:35.945666 Epoch 137 	Train Loss = 1.43519 Train acc = 0.69211  Val acc = 0.34600 
2023-05-20 11:56:35.949328 Epoch 138 	Train Loss = 1.43444 Train acc = 0.69211  Val acc = 0.34600 
2023-05-20 11:56:35.952990 Epoch 139 	Train Loss = 1.43370 Train acc = 0.69240  Val acc = 0.34600 
2023-05-20 11:56:35.956828 Epoch 140 	Train Loss = 1.43296 Train acc = 0.69240  Val acc = 0.34600 
2023-05-20 11:56:35.960537 Epoch 141 	Train Loss = 1.43222 Train acc = 0.69211  Val acc = 0.34600 
2023-05-20 11:56:35.964161 Epoch 142 	Train Loss = 1.43148 Train acc = 0.69211  Val acc = 0.34600 
2023-05-20 11:56:35.967743 Epoch 143 	Train Loss = 1.43074 Train acc = 0.69211  Val acc = 0.34600 
2023-05-20 11:56:35.971322 Epoch 144 	Train Loss = 1.43001 Train acc = 0.69211  Val acc = 0.34600 
2023-05-20 11:56:35.974933 Epoch 145 	Train Loss = 1.42927 Train acc = 0.69268  Val acc = 0.34400 
2023-05-20 11:56:35.978581 Epoch 146 	Train Loss = 1.42854 Train acc = 0.69326  Val acc = 0.34400 
2023-05-20 11:56:35.982201 Epoch 147 	Train Loss = 1.42781 Train acc = 0.69355  Val acc = 0.34600 
2023-05-20 11:56:35.985841 Epoch 148 	Train Loss = 1.42707 Train acc = 0.69384  Val acc = 0.34600 
2023-05-20 11:56:35.989454 Epoch 149 	Train Loss = 1.42634 Train acc = 0.69384  Val acc = 0.34600 
2023-05-20 11:56:35.993086 Epoch 150 	Train Loss = 1.42561 Train acc = 0.69384  Val acc = 0.34600 
2023-05-20 11:56:35.996645 Epoch 151 	Train Loss = 1.42488 Train acc = 0.69384  Val acc = 0.34600 
2023-05-20 11:56:36.000192 Epoch 152 	Train Loss = 1.42416 Train acc = 0.69412  Val acc = 0.34600 
2023-05-20 11:56:36.003763 Epoch 153 	Train Loss = 1.42343 Train acc = 0.69412  Val acc = 0.34600 
2023-05-20 11:56:36.007327 Epoch 154 	Train Loss = 1.42270 Train acc = 0.69412  Val acc = 0.34600 
2023-05-20 11:56:36.010906 Epoch 155 	Train Loss = 1.42198 Train acc = 0.69441  Val acc = 0.34600 
2023-05-20 11:56:36.014468 Epoch 156 	Train Loss = 1.42126 Train acc = 0.69412  Val acc = 0.34600 
2023-05-20 11:56:36.018070 Epoch 157 	Train Loss = 1.42053 Train acc = 0.69441  Val acc = 0.34400 
2023-05-20 11:56:36.021615 Epoch 158 	Train Loss = 1.41981 Train acc = 0.69441  Val acc = 0.34400 
2023-05-20 11:56:36.025151 Epoch 159 	Train Loss = 1.41909 Train acc = 0.69470  Val acc = 0.34400 
2023-05-20 11:56:36.028704 Epoch 160 	Train Loss = 1.41837 Train acc = 0.69499  Val acc = 0.34400 
2023-05-20 11:56:36.032249 Epoch 161 	Train Loss = 1.41765 Train acc = 0.69499  Val acc = 0.34400 
2023-05-20 11:56:36.036017 Epoch 162 	Train Loss = 1.41693 Train acc = 0.69528  Val acc = 0.34400 
2023-05-20 11:56:36.039566 Epoch 163 	Train Loss = 1.41621 Train acc = 0.69585  Val acc = 0.34400 
2023-05-20 11:56:36.043138 Epoch 164 	Train Loss = 1.41549 Train acc = 0.69643  Val acc = 0.34400 
2023-05-20 11:56:36.046692 Epoch 165 	Train Loss = 1.41478 Train acc = 0.69643  Val acc = 0.34400 
2023-05-20 11:56:36.050243 Epoch 166 	Train Loss = 1.41406 Train acc = 0.69643  Val acc = 0.34400 
2023-05-20 11:56:36.053782 Epoch 167 	Train Loss = 1.41335 Train acc = 0.69672  Val acc = 0.34600 
2023-05-20 11:56:36.057318 Epoch 168 	Train Loss = 1.41263 Train acc = 0.69672  Val acc = 0.34600 
2023-05-20 11:56:36.060890 Epoch 169 	Train Loss = 1.41192 Train acc = 0.69700  Val acc = 0.34600 
2023-05-20 11:56:36.064441 Epoch 170 	Train Loss = 1.41121 Train acc = 0.69700  Val acc = 0.34600 
2023-05-20 11:56:36.068003 Epoch 171 	Train Loss = 1.41050 Train acc = 0.69729  Val acc = 0.34800 
2023-05-20 11:56:36.071536 Epoch 172 	Train Loss = 1.40979 Train acc = 0.69729  Val acc = 0.34800 
2023-05-20 11:56:36.075098 Epoch 173 	Train Loss = 1.40908 Train acc = 0.69758  Val acc = 0.34800 
2023-05-20 11:56:36.078656 Epoch 174 	Train Loss = 1.40837 Train acc = 0.69729  Val acc = 0.34800 
2023-05-20 11:56:36.082787 Epoch 175 	Train Loss = 1.40766 Train acc = 0.69758  Val acc = 0.34800 
2023-05-20 11:56:36.086849 Epoch 176 	Train Loss = 1.40695 Train acc = 0.69787  Val acc = 0.34800 
2023-05-20 11:56:36.090673 Epoch 177 	Train Loss = 1.40624 Train acc = 0.69787  Val acc = 0.34800 
2023-05-20 11:56:36.094451 Epoch 178 	Train Loss = 1.40554 Train acc = 0.69816  Val acc = 0.34800 
2023-05-20 11:56:36.098101 Epoch 179 	Train Loss = 1.40483 Train acc = 0.69873  Val acc = 0.34800 
2023-05-20 11:56:36.101716 Epoch 180 	Train Loss = 1.40413 Train acc = 0.69873  Val acc = 0.34800 
2023-05-20 11:56:36.105289 Epoch 181 	Train Loss = 1.40342 Train acc = 0.69873  Val acc = 0.34800 
2023-05-20 11:56:36.108830 Epoch 182 	Train Loss = 1.40272 Train acc = 0.69902  Val acc = 0.34800 
2023-05-20 11:56:36.112377 Epoch 183 	Train Loss = 1.40201 Train acc = 0.69902  Val acc = 0.34800 
2023-05-20 11:56:36.115939 Epoch 184 	Train Loss = 1.40131 Train acc = 0.69902  Val acc = 0.34800 
2023-05-20 11:56:36.119498 Epoch 185 	Train Loss = 1.40061 Train acc = 0.69902  Val acc = 0.34800 
2023-05-20 11:56:36.123158 Epoch 186 	Train Loss = 1.39991 Train acc = 0.69902  Val acc = 0.34800 
2023-05-20 11:56:36.126768 Epoch 187 	Train Loss = 1.39921 Train acc = 0.69902  Val acc = 0.34800 
2023-05-20 11:56:36.130379 Epoch 188 	Train Loss = 1.39851 Train acc = 0.69902  Val acc = 0.34800 
2023-05-20 11:56:36.133939 Epoch 189 	Train Loss = 1.39781 Train acc = 0.69931  Val acc = 0.34800 
2023-05-20 11:56:36.137472 Epoch 190 	Train Loss = 1.39711 Train acc = 0.69931  Val acc = 0.34800 
2023-05-20 11:56:36.141026 Epoch 191 	Train Loss = 1.39641 Train acc = 0.69931  Val acc = 0.34800 
2023-05-20 11:56:36.144579 Epoch 192 	Train Loss = 1.39572 Train acc = 0.69960  Val acc = 0.35000 
2023-05-20 11:56:36.148126 Epoch 193 	Train Loss = 1.39502 Train acc = 0.69960  Val acc = 0.35000 
2023-05-20 11:56:36.151684 Epoch 194 	Train Loss = 1.39432 Train acc = 0.69960  Val acc = 0.35000 
2023-05-20 11:56:36.155271 Epoch 195 	Train Loss = 1.39363 Train acc = 0.69988  Val acc = 0.35000 
2023-05-20 11:56:36.158852 Epoch 196 	Train Loss = 1.39293 Train acc = 0.69988  Val acc = 0.35000 
2023-05-20 11:56:36.162427 Epoch 197 	Train Loss = 1.39224 Train acc = 0.69988  Val acc = 0.35000 
2023-05-20 11:56:36.165977 Epoch 198 	Train Loss = 1.39154 Train acc = 0.69988  Val acc = 0.35200 
2023-05-20 11:56:36.169574 Epoch 199 	Train Loss = 1.39085 Train acc = 0.69988  Val acc = 0.35200 
2023-05-20 11:56:36.173121 Epoch 200 	Train Loss = 1.39016 Train acc = 0.70075  Val acc = 0.35200 
Early stopping at epoch: 200
Best at epoch 198:
Train Loss = 1.39154
Train acc = 0.69988 Val acc = 0.35200 
--------- Test ---------
Test acc = 0.30508
Inference time: 0.00 s
